<?xml version="1.0" encoding="UTF-8"?>
<!-- Generated by org.testng.reporters.JUnitXMLReporter -->
<testsuite hostname="DESKTOP-AAFC7NS" ignored="0" name="Default test" tests="2" failures="0" timestamp="30 Jun 2021 11:13:32 GMT" time="137.413" errors="0">
  <testcase name="verifyHeadingTest" time="10.165" classname="com.amazone1.qa.testcases.PaymentPageTest"/>
  <testcase name="paymentProcess" time="16.273" classname="com.amazone1.qa.testcases.PaymentPageTest"/>
</testsuite> <!-- Default test -->
