<?xml version="1.0" encoding="UTF-8"?>
<!-- Generated by org.testng.reporters.JUnitXMLReporter -->
<testsuite hostname="DESKTOP-AAFC7NS" ignored="0" name="Test" tests="13" failures="0" timestamp="30 Jun 2021 11:33:13 GMT" time="540.517" errors="0">
  <testcase name="userNameVerification" time="5.211" classname="com.amazone1.qa.testcases.ProductPageTest"/>
  <testcase name="verifyPageTitle" time="3.416" classname="com.amazone1.qa.testcases.SearchPageTest"/>
  <testcase name="verifyHeadingTest" time="10.131" classname="com.amazone1.qa.testcases.PaymentPageTest"/>
  <testcase name="PageTitleVerification" time="0.054" classname="com.amazone1.qa.testcases.LoginPageTest"/>
  <testcase name="PageTitleVerification" time="0.09" classname="com.amazone1.qa.testcases.HomePageTest"/>
  <testcase name="productNameVerification" time="5.783" classname="com.amazone1.qa.testcases.ProductPageTest"/>
  <testcase name="veifyUserName" time="5.069" classname="com.amazone1.qa.testcases.SearchPageTest"/>
  <testcase name="paymentProcess" time="16.274" classname="com.amazone1.qa.testcases.PaymentPageTest"/>
  <testcase name="loginProcess" time="6.351" classname="com.amazone1.qa.testcases.LoginPageTest"/>
  <testcase name="loginClick" time="2.801" classname="com.amazone1.qa.testcases.HomePageTest"/>
  <testcase name="productPriceVerification" time="0.029" classname="com.amazone1.qa.testcases.ProductPageTest"/>
  <testcase name="searchItem" time="24.851" classname="com.amazone1.qa.testcases.SearchPageTest"/>
  <testcase name="purchasingProduct" time="14.63" classname="com.amazone1.qa.testcases.ProductPageTest"/>
</testsuite> <!-- Test -->
