<?xml version="1.0" encoding="UTF-8"?>
<!-- Generated by org.testng.reporters.JUnitXMLReporter -->
<testsuite hostname="DESKTOP-AAFC7NS" ignored="0" name="Test" tests="13" failures="0" timestamp="30 Jun 2021 14:17:21 GMT" time="516.093" errors="0">
  <testcase name="userNameVerification" time="8.546" classname="com.amazone1.qa.testcases.ProductPageTest"/>
  <testcase name="verifyPageTitle" time="2.667" classname="com.amazone1.qa.testcases.SearchPageTest"/>
  <testcase name="verifyHeadingTest" time="10.119" classname="com.amazone1.qa.testcases.PaymentPageTest"/>
  <testcase name="PageTitleVerification" time="0.07" classname="com.amazone1.qa.testcases.LoginPageTest"/>
  <testcase name="PageTitleVerification" time="0.054" classname="com.amazone1.qa.testcases.HomePageTest"/>
  <testcase name="productNameVerification" time="8.981" classname="com.amazone1.qa.testcases.ProductPageTest"/>
  <testcase name="veifyUserName" time="5.1" classname="com.amazone1.qa.testcases.SearchPageTest"/>
  <testcase name="paymentProcess" time="16.939" classname="com.amazone1.qa.testcases.PaymentPageTest"/>
  <testcase name="loginProcess" time="6.757" classname="com.amazone1.qa.testcases.LoginPageTest"/>
  <testcase name="loginClick" time="2.217" classname="com.amazone1.qa.testcases.HomePageTest"/>
  <testcase name="productPriceVerification" time="0.046" classname="com.amazone1.qa.testcases.ProductPageTest"/>
  <testcase name="searchItem" time="22.971" classname="com.amazone1.qa.testcases.SearchPageTest"/>
  <testcase name="purchasingProduct" time="15.858" classname="com.amazone1.qa.testcases.ProductPageTest"/>
</testsuite> <!-- Test -->
